app/build/intermediates/manifest_merge_blame_file/debug/manifest-merger-blame-debug-report.txt
1<?xml version="1.0" encoding="utf-8"?>
2<manifest xmlns:android="http://schemas.android.com/apk/res/android"
3    package="com.example.mapsactivity"
4    android:versionCode="1"
5    android:versionName="1.0" >
6
7    <uses-sdk
8        android:minSdkVersion="21"
8-->src\main\AndroidManifest.xml
9        android:targetSdkVersion="31" />
9-->src\main\AndroidManifest.xml
10
11    <uses-permission android:name="android.permission.ACCESS_FINE_LOCATION" />
11-->[com.google.android.libraries.places:places:2.5.0] AndroidManifest.xml:9:5-79
11-->[com.google.android.libraries.places:places:2.5.0] AndroidManifest.xml:9:22-76
12    <uses-permission android:name="android.permission.ACCESS_WIFI_STATE" />
12-->[com.google.android.libraries.places:places:2.5.0] AndroidManifest.xml:10:5-76
12-->[com.google.android.libraries.places:places:2.5.0] AndroidManifest.xml:10:22-73
13    <uses-permission android:name="android.permission.INTERNET" /> <!-- Include required permissions for Google Maps API to run. -->
13-->[com.google.android.libraries.places:places:2.5.0] AndroidManifest.xml:11:5-67
13-->[com.google.android.libraries.places:places:2.5.0] AndroidManifest.xml:11:22-64
14    <uses-permission android:name="android.permission.ACCESS_NETWORK_STATE" />
14-->[com.google.android.gms:play-services-maps:17.0.0] AndroidManifest.xml:23:5-79
14-->[com.google.android.gms:play-services-maps:17.0.0] AndroidManifest.xml:23:22-76
15
16    <uses-feature
16-->[com.google.android.gms:play-services-maps:17.0.0] AndroidManifest.xml:26:5-28:35
17        android:glEsVersion="0x00020000"
17-->[com.google.android.gms:play-services-maps:17.0.0] AndroidManifest.xml:27:9-41
18        android:required="true" />
18-->[com.google.android.gms:play-services-maps:17.0.0] AndroidManifest.xml:28:9-32
19
20    <application
20-->src\main\AndroidManifest.xml:5:5-21:19
21        android:allowBackup="true"
21-->src\main\AndroidManifest.xml:6:9-35
22        android:appComponentFactory="androidx.core.app.CoreComponentFactory"
22-->[androidx.core:core:1.7.0] AndroidManifest.xml:24:18-86
23        android:debuggable="true"
24        android:icon="@mipmap/ic_launcher"
24-->src\main\AndroidManifest.xml:7:9-43
25        android:label="@string/app_name"
25-->src\main\AndroidManifest.xml:8:9-41
26        android:roundIcon="@mipmap/ic_launcher_round"
26-->src\main\AndroidManifest.xml:9:9-54
27        android:supportsRtl="true"
27-->src\main\AndroidManifest.xml:10:9-35
28        android:testOnly="true"
29        android:theme="@style/Theme.MapsActivity" >
29-->src\main\AndroidManifest.xml:11:9-50
30        <activity
30-->src\main\AndroidManifest.xml:12:9-20:20
31            android:name="com.example.mapsactivity.MainActivity"
31-->src\main\AndroidManifest.xml:13:13-41
32            android:exported="true" >
32-->src\main\AndroidManifest.xml:14:13-36
33            <intent-filter>
33-->src\main\AndroidManifest.xml:15:13-19:29
34                <action android:name="android.intent.action.MAIN" />
34-->src\main\AndroidManifest.xml:16:17-69
34-->src\main\AndroidManifest.xml:16:25-66
35
36                <category android:name="android.intent.category.LAUNCHER" />
36-->src\main\AndroidManifest.xml:18:17-77
36-->src\main\AndroidManifest.xml:18:27-74
37            </intent-filter>
38        </activity>
39        <activity
39-->[com.google.android.libraries.places:places:2.5.0] AndroidManifest.xml:14:9-20:20
40            android:name="com.google.android.libraries.places.widget.AutocompleteActivity"
40-->[com.google.android.libraries.places:places:2.5.0] AndroidManifest.xml:15:13-91
41            android:exported="false"
41-->[com.google.android.libraries.places:places:2.5.0] AndroidManifest.xml:16:13-37
42            android:label="@string/places_autocomplete_label"
42-->[com.google.android.libraries.places:places:2.5.0] AndroidManifest.xml:17:13-62
43            android:theme="@style/PlacesAutocompleteOverlay"
43-->[com.google.android.libraries.places:places:2.5.0] AndroidManifest.xml:18:13-61
44            android:windowSoftInputMode="adjustResize" >
44-->[com.google.android.libraries.places:places:2.5.0] AndroidManifest.xml:19:13-55
45        </activity>
46
47        <meta-data
47-->[com.google.maps.android:android-maps-utils:2.2.3] AndroidManifest.xml:12:9-14:69
48            android:name="com.google.android.gms.version"
48-->[com.google.maps.android:android-maps-utils:2.2.3] AndroidManifest.xml:13:13-58
49            android:value="@integer/google_play_services_version" /> <!-- Needs to be explicitly declared on P+ -->
49-->[com.google.maps.android:android-maps-utils:2.2.3] AndroidManifest.xml:14:13-66
50        <uses-library
50-->[com.google.android.gms:play-services-maps:17.0.0] AndroidManifest.xml:33:9-35:40
51            android:name="org.apache.http.legacy"
51-->[com.google.android.gms:play-services-maps:17.0.0] AndroidManifest.xml:34:13-50
52            android:required="false" />
52-->[com.google.android.gms:play-services-maps:17.0.0] AndroidManifest.xml:35:13-37
53
54        <activity
54-->[com.google.android.gms:play-services-base:17.2.1] AndroidManifest.xml:23:9-26:75
55            android:name="com.google.android.gms.common.api.GoogleApiActivity"
55-->[com.google.android.gms:play-services-base:17.2.1] AndroidManifest.xml:24:13-79
56            android:exported="false"
56-->[com.google.android.gms:play-services-base:17.2.1] AndroidManifest.xml:25:13-37
57            android:theme="@android:style/Theme.Translucent.NoTitleBar" />
57-->[com.google.android.gms:play-services-base:17.2.1] AndroidManifest.xml:26:13-72
58
59        <provider
59-->[androidx.emoji2:emoji2:1.0.0] AndroidManifest.xml:26:9-34:20
60            android:name="androidx.startup.InitializationProvider"
60-->[androidx.emoji2:emoji2:1.0.0] AndroidManifest.xml:27:13-67
61            android:authorities="com.example.mapsactivity.androidx-startup"
61-->[androidx.emoji2:emoji2:1.0.0] AndroidManifest.xml:28:13-68
62            android:exported="false" >
62-->[androidx.emoji2:emoji2:1.0.0] AndroidManifest.xml:29:13-37
63            <meta-data
63-->[androidx.emoji2:emoji2:1.0.0] AndroidManifest.xml:31:13-33:52
64                android:name="androidx.emoji2.text.EmojiCompatInitializer"
64-->[androidx.emoji2:emoji2:1.0.0] AndroidManifest.xml:32:17-75
65                android:value="androidx.startup" />
65-->[androidx.emoji2:emoji2:1.0.0] AndroidManifest.xml:33:17-49
66            <meta-data
66-->[androidx.lifecycle:lifecycle-process:2.4.0] AndroidManifest.xml:31:13-33:52
67                android:name="androidx.lifecycle.ProcessLifecycleInitializer"
67-->[androidx.lifecycle:lifecycle-process:2.4.0] AndroidManifest.xml:32:17-78
68                android:value="androidx.startup" />
68-->[androidx.lifecycle:lifecycle-process:2.4.0] AndroidManifest.xml:33:17-49
69        </provider>
70
71        <service
71-->[com.google.android.datatransport:transport-backend-cct:2.3.0] AndroidManifest.xml:29:9-35:19
72            android:name="com.google.android.datatransport.runtime.backends.TransportBackendDiscovery"
72-->[com.google.android.datatransport:transport-backend-cct:2.3.0] AndroidManifest.xml:30:13-103
73            android:exported="false" >
73-->[com.google.android.datatransport:transport-backend-cct:2.3.0] AndroidManifest.xml:31:13-37
74            <meta-data
74-->[com.google.android.datatransport:transport-backend-cct:2.3.0] AndroidManifest.xml:32:13-34:39
75                android:name="backend:com.google.android.datatransport.cct.CctBackendFactory"
75-->[com.google.android.datatransport:transport-backend-cct:2.3.0] AndroidManifest.xml:33:17-94
76                android:value="cct" />
76-->[com.google.android.datatransport:transport-backend-cct:2.3.0] AndroidManifest.xml:34:17-36
77        </service>
78        <service
78-->[com.google.android.datatransport:transport-runtime:2.2.3] AndroidManifest.xml:26:9-30:19
79            android:name="com.google.android.datatransport.runtime.scheduling.jobscheduling.JobInfoSchedulerService"
79-->[com.google.android.datatransport:transport-runtime:2.2.3] AndroidManifest.xml:27:13-117
80            android:exported="false"
80-->[com.google.android.datatransport:transport-runtime:2.2.3] AndroidManifest.xml:28:13-37
81            android:permission="android.permission.BIND_JOB_SERVICE" >
81-->[com.google.android.datatransport:transport-runtime:2.2.3] AndroidManifest.xml:29:13-69
82        </service>
83
84        <receiver
84-->[com.google.android.datatransport:transport-runtime:2.2.3] AndroidManifest.xml:32:9-34:40
85            android:name="com.google.android.datatransport.runtime.scheduling.jobscheduling.AlarmManagerSchedulerBroadcastReceiver"
85-->[com.google.android.datatransport:transport-runtime:2.2.3] AndroidManifest.xml:33:13-132
86            android:exported="false" />
86-->[com.google.android.datatransport:transport-runtime:2.2.3] AndroidManifest.xml:34:13-37
87    </application>
88
89</manifest>